[0m2021.06.07 18:24:56 INFO  Started: Metals version 0.10.4 in workspace 'C:\Users\Ahmed Ashraf\git\BST_C-_JavaScript_Scala' for client Visual Studio Code 1.56.2.[0m
[0m2021.06.07 18:24:58 INFO  time: initialize in 2.58s[0m
[0m2021.06.07 18:24:58 WARN  Build server is not auto-connectable.[0m
[0m2021.06.07 18:24:58 WARN  no build tool detected in workspace 'C:\Users\Ahmed Ashraf\git\BST_C-_JavaScript_Scala'. The most common cause for this problem is that the editor was opened in the wrong working directory, for example if you use sbt then the workspace directory should contain build.sbt. [0m
[0m2021.06.07 18:24:58 WARN  no build target for: C:\Users\Ahmed Ashraf\git\BST_C-_JavaScript_Scala\MainProjects\scala-project\src\main\scala\Main.scala[0m
[0m2021.06.07 18:25:10 INFO  no build target: using presentation compiler with only scala-library: 2.12.14[0m
[0m2021.06.07 18:25:11 INFO  time: code lens generation in 12s[0m
Jun 07, 2021 6:26:04 PM org.eclipse.lsp4j.jsonrpc.services.GenericEndpoint notify
INFO: Unsupported notification method: $/setTrace
Jun 07, 2021 6:29:01 PM org.eclipse.lsp4j.jsonrpc.services.GenericEndpoint notify
INFO: Unsupported notification method: $/setTrace
Jun 07, 2021 6:29:01 PM org.eclipse.lsp4j.jsonrpc.services.GenericEndpoint notify
INFO: Unsupported notification method: $/setTrace
Jun 07, 2021 6:30:22 PM org.eclipse.lsp4j.jsonrpc.services.GenericEndpoint notify
INFO: Unsupported notification method: $/setTrace
[0m2021.06.08 01:25:10 INFO  shutting down Metals[0m
[0m2021.06.08 22:16:45 INFO  Started: Metals version 0.10.4 in workspace 'C:\Users\Ahmed Ashraf\git\BST_C-_JavaScript_Scala' for client Visual Studio Code 1.56.2.[0m
[0m2021.06.08 22:16:52 INFO  time: initialize in 7.48s[0m
[0m2021.06.08 22:16:52 WARN  Build server is not auto-connectable.[0m
[0m2021.06.08 22:16:52 WARN  no build tool detected in workspace 'C:\Users\Ahmed Ashraf\git\BST_C-_JavaScript_Scala'. The most common cause for this problem is that the editor was opened in the wrong working directory, for example if you use sbt then the workspace directory should contain build.sbt. [0m
[0m2021.06.08 22:17:36 WARN  no build target for: C:\Users\Ahmed Ashraf\git\BST_C-_JavaScript_Scala\MainProjects\scala-project\src\main\scala\Fruit.scala[0m
[0m2021.06.08 22:17:45 INFO  no build target: using presentation compiler with only scala-library: 2.12.14[0m
[0m2021.06.08 22:17:45 WARN  no build target for: C:\Users\Ahmed Ashraf\git\BST_C-_JavaScript_Scala\MainProjects\scala-project\src\main\scala\FruitBST.scala[0m
Jun 08, 2021 10:17:45 PM org.eclipse.lsp4j.jsonrpc.RemoteEndpoint handleCancellation
WARNING: Unmatched cancel notification for request id 7
[0m2021.06.08 22:17:46 INFO  time: code lens generation in 1.42s[0m
[0m2021.06.08 22:17:46 INFO  time: code lens generation in 9.78s[0m
Jun 08, 2021 10:17:47 PM org.eclipse.lsp4j.jsonrpc.RemoteEndpoint handleCancellation
WARNING: Unmatched cancel notification for request id 12
[0m2021.06.08 22:17:47 WARN  no build target for: C:\Users\Ahmed Ashraf\git\BST_C-_JavaScript_Scala\MainProjects\scala-project\src\main\scala\Main.scala[0m
Jun 08, 2021 10:23:44 PM org.eclipse.lsp4j.jsonrpc.RemoteEndpoint handleCancellation
WARNING: Unmatched cancel notification for request id 17
[0m2021.06.08 22:37:29 WARN  no build target for: C:\Users\Ahmed Ashraf\git\BST_C-_JavaScript_Scala\MainProjects\scala-project\src\main\scala\Fruit.scala[0m
[0m2021.06.09 00:53:53 INFO  shutting down Metals[0m
[0m2021.06.09 18:39:58 INFO  Started: Metals version 0.10.4 in workspace 'C:\Users\Ahmed Ashraf\git\BST_C-_JavaScript_Scala' for client Visual Studio Code 1.56.2.[0m
[0m2021.06.09 18:40:06 INFO  time: initialize in 7.87s[0m
[0m2021.06.09 18:40:06 WARN  Build server is not auto-connectable.[0m
[0m2021.06.09 18:40:06 WARN  no build tool detected in workspace 'C:\Users\Ahmed Ashraf\git\BST_C-_JavaScript_Scala'. The most common cause for this problem is that the editor was opened in the wrong working directory, for example if you use sbt then the workspace directory should contain build.sbt. [0m
[0m2021.06.09 18:40:06 WARN  no build target for: C:\Users\Ahmed Ashraf\git\BST_C-_JavaScript_Scala\MainProjects\scala-project\src\main\scala\Fruit.scala[0m
[0m2021.06.09 18:40:17 INFO  no build target: using presentation compiler with only scala-library: 2.12.14[0m
[0m2021.06.09 18:40:19 INFO  time: code lens generation in 12s[0m
[0m2021.06.09 18:48:47 WARN  no build target for: C:\Users\Ahmed Ashraf\git\BST_C-_JavaScript_Scala\MainProjects\scala-project\src\main\scala\FruitBST.scala[0m
[0m2021.06.09 18:48:59 WARN  no build target for: C:\Users\Ahmed Ashraf\git\BST_C-_JavaScript_Scala\MainProjects\scala-project\src\main\scala\Fruit.scala[0m
[0m2021.06.09 18:49:03 WARN  no build target for: C:\Users\Ahmed Ashraf\git\BST_C-_JavaScript_Scala\MainProjects\scala-project\src\main\scala\Tree.scala[0m
[0m2021.06.09 22:11:52 INFO  shutting down Metals[0m
